INFO - 2020-11-20 23:36:32,090 - creating new user!
INFO - 2020-11-20 23:36:32,090 - creating new user!
INFO - 2020-11-20 23:36:32,090 - getting information from user!
INFO - 2020-11-20 23:36:51,861 - getting information from user!
INFO - 2020-11-20 23:37:11,766 - user wants to see others profile!
INFO - 2020-11-20 23:37:11,784 - user wants to see others profile!
INFO - 2020-11-20 23:37:11,797 - user wants to follow some one!
INFO - 2020-11-20 23:37:11,797 - user wants to do some changes in list of posts!
INFO - 2020-11-20 23:37:11,797 - a post created!
INFO - 2020-11-20 23:37:11,797 - a post created!
INFO - 2020-11-20 23:37:11,797 - a post created!
INFO - 2020-11-20 23:37:11,798 - user edits the text of the post!
INFO - 2020-11-20 23:37:11,798 - user wants to delete a post or a comment!
INFO - 2020-11-20 23:37:27,317 - user edits the text of the post!
INFO - 2020-11-20 23:37:27,317 - user wants to delete a post or a comment!
INFO - 2020-11-20 23:37:31,251 - user edits the text of the post!
INFO - 2020-11-20 23:37:31,252 - user wants to delete a post or a comment!
INFO - 2020-11-20 23:37:36,678 - creating new user!
INFO - 2020-11-20 23:37:36,678 - a post created!
INFO - 2020-11-20 23:37:36,678 - a post created!
INFO - 2020-11-20 23:37:36,678 - a post created!
INFO - 2020-11-20 23:37:36,678 - user is trying to login!
INFO - 2020-11-20 23:37:36,693 - creating new user!
INFO - 2020-11-20 23:37:36,693 - user is trying to login!
INFO - 2020-11-20 23:41:04,116 - user accepted the follow request!
